<?xml version="1.0" encoding="UTF-8"?>
<!-- Generated by org.testng.reporters.JUnitReportReporter -->
<testsuite skipped="0" hostname="DESKTOP-250U10H" name="testcases.Testcase_AddPAyee" tests="1" failures="0" timestamp="2019-12-04T18:25:58 EST" time="14.302" errors="0">
  <testcase name="validateAddPayee" time="14.302" classname="testcases.Testcase_AddPAyee"/>
</testsuite> <!-- testcases.Testcase_AddPAyee -->
