<?xml version="1.0" encoding="UTF-8"?>
<!-- Generated by org.testng.reporters.JUnitReportReporter -->
<testsuite skipped="0" hostname="DESKTOP-250U10H" name="testcases.Testcase_AddPAyee" tests="1" failures="0" timestamp="04 Dec 2019 23:41:27 GMT" time="14.159" errors="0">
  <testcase name="validateAddPayee" time="14.159" classname="testcases.Testcase_AddPAyee"/>
</testsuite> <!-- testcases.Testcase_AddPAyee -->
