<?xml version="1.0" encoding="UTF-8"?>
<!-- Generated by org.testng.reporters.JUnitReportReporter -->
<testsuite skipped="0" hostname="DESKTOP-250U10H" name="testcases.Testcase_Transferfunds" tests="1" failures="0" timestamp="04 Dec 2019 23:41:27 GMT" time="14.787" errors="0">
  <testcase name="transferfunds" time="14.787" classname="testcases.Testcase_Transferfunds"/>
</testsuite> <!-- testcases.Testcase_Transferfunds -->
