<?xml version="1.0" encoding="UTF-8"?>
<!-- Generated by org.testng.reporters.JUnitReportReporter -->
<testsuite skipped="0" hostname="DESKTOP-250U10H" name="testcases.Testcase_Login" tests="3" failures="0" timestamp="04 Dec 2019 23:41:27 GMT" time="36.532" errors="0">
  <testcase name="login" time="12.718" classname="testcases.Testcase_Login"/>
  <testcase name="login" time="11.812" classname="testcases.Testcase_Login"/>
  <testcase name="login" time="12.002" classname="testcases.Testcase_Login"/>
</testsuite> <!-- testcases.Testcase_Login -->
